<?xml version="1.0" encoding="UTF-8"?>
<!-- Generated by org.testng.reporters.JUnitXMLReporter -->
<testsuite hostname="STI-D01-PRAKAS" name="Test" tests="4" failures="0" timestamp="27 May 2016 12:11:14 GMT" time="42.113" errors="0">
  <testcase name="TC_001" time="12.771" classname="TestCases.TestCases"/>
  <testcase name="TC_002" time="9.99" classname="TestCases.TestCases"/>
  <testcase name="TC_003" time="9.855" classname="TestCases.TestCases"/>
  <testcase name="TC_005" time="9.49" classname="TestCases.TestCases"/>
</testsuite> <!-- Test -->
