<?xml version="1.0" encoding="UTF-8"?>
<testng-results skipped="0" failed="0" total="1" passed="1">
  <reporter-output>
    <line>
      <![CDATA[<B></B><h1><font color=SaddleBrown>Login to Adactin Application</h1></font><br/>]]>
    </line>
    <line>
      <![CDATA[<font color=green>1. Opened Application Successfully</font><br/>]]>
    </line>
    <line>
      <![CDATA[<font color=blue>2. ########### Start of Test Case Data Set: TC_001_01 ###########</font><br/>]]>
    </line>
    <line>
      <![CDATA[<font color=green>3. Entered value in the text field->NandiniG</font><br/>]]>
    </line>
    <line>
      <![CDATA[<font color=green>4. Entered value in the text field->11G404</font><br/>]]>
    </line>
    <line>
      <![CDATA[<font color=green>5. Clicked on WebElement-Login</font><br/>]]>
    </line>
    <line>
      <![CDATA[<font color=blue>6. ########### End of Test Case Data Set: TC_001_01 ###########</font><br/>]]>
    </line>
    <line>
      <![CDATA[<B></B><h1><font color=SaddleBrown>Search a hotel</h1></font><br/>]]>
    </line>
    <line>
      <![CDATA[<font color=green>1. Opened Application Successfully</font><br/>]]>
    </line>
    <line>
      <![CDATA[<font color=blue>2. ########### Start of Test Case Data Set: TC_002_01 ###########</font><br/>]]>
    </line>
    <line>
      <![CDATA[<font color=green>3. Entered value in the text field->NandiniG</font><br/>]]>
    </line>
    <line>
      <![CDATA[<font color=green>4. Entered value in the text field->11G404</font><br/>]]>
    </line>
    <line>
      <![CDATA[<font color=green>5. Clicked on WebElement-Login</font><br/>]]>
    </line>
    <line>
      <![CDATA[<font color=green>6. selected value -Sydney from dropdown->Location</font><br/>]]>
    </line>
    <line>
      <![CDATA[<font color=green>7. selected value -Hotel Sunshine from dropdown->Hotel</font><br/>]]>
    </line>
    <line>
      <![CDATA[<font color=green>8. selected value -Deluxe from dropdown->RoomType</font><br/>]]>
    </line>
    <line>
      <![CDATA[<font color=green>9. selected value -2 - Two from dropdown->NumRooms</font><br/>]]>
    </line>
    <line>
      <![CDATA[<font color=green>10. Entered value in the text field->08/02/2016</font><br/>]]>
    </line>
    <line>
      <![CDATA[<font color=green>11. Entered value in the text field->13/02/2016</font><br/>]]>
    </line>
    <line>
      <![CDATA[<font color=green>12. selected value -4 - Four from dropdown->Adults</font><br/>]]>
    </line>
    <line>
      <![CDATA[<font color=green>13. selected value -4 - Four from dropdown->Children</font><br/>]]>
    </line>
    <line>
      <![CDATA[<font color=green>14. Clicked on WebElement-Search</font><br/>]]>
    </line>
    <line>
      <![CDATA[<font color=blue>15. ########### End of Test Case Data Set: TC_002_01 ###########</font><br/>]]>
    </line>
    <line>
      <![CDATA[<B></B><h1><font color=SaddleBrown>Book a hotel</h1></font><br/>]]>
    </line>
    <line>
      <![CDATA[<font color=green>1. Opened Application Successfully</font><br/>]]>
    </line>
    <line>
      <![CDATA[<font color=blue>2. ########### Start of Test Case Data Set: TC_003_01 ###########</font><br/>]]>
    </line>
    <line>
      <![CDATA[<font color=green>3. Entered value in the text field->NandiniG</font><br/>]]>
    </line>
    <line>
      <![CDATA[<font color=green>4. Entered value in the text field->11G404</font><br/>]]>
    </line>
    <line>
      <![CDATA[<font color=green>5. Clicked on WebElement-Login</font><br/>]]>
    </line>
    <line>
      <![CDATA[<font color=green>6. selected value -Sydney from dropdown->Location</font><br/>]]>
    </line>
    <line>
      <![CDATA[<font color=green>7. selected value -Hotel Sunshine from dropdown->Hotel</font><br/>]]>
    </line>
    <line>
      <![CDATA[<font color=green>8. selected value -Deluxe from dropdown->RoomType</font><br/>]]>
    </line>
    <line>
      <![CDATA[<font color=green>9. selected value -2 - Two from dropdown->NumRooms</font><br/>]]>
    </line>
    <line>
      <![CDATA[<font color=green>10. Entered value in the text field->08/02/2016</font><br/>]]>
    </line>
    <line>
      <![CDATA[<font color=green>11. Entered value in the text field->13/02/2016</font><br/>]]>
    </line>
    <line>
      <![CDATA[<font color=green>12. selected value -4 - Four from dropdown->Adults</font><br/>]]>
    </line>
    <line>
      <![CDATA[<font color=green>13. selected value -4 - Four from dropdown->Children</font><br/>]]>
    </line>
    <line>
      <![CDATA[<font color=green>14. Clicked on WebElement-Search</font><br/>]]>
    </line>
    <line>
      <![CDATA[<font color=green>15. Clicked on WebElement-Selected</font><br/>]]>
    </line>
    <line>
      <![CDATA[<font color=green>16. Clicked on WebElement-Continue</font><br/>]]>
    </line>
    <line>
      <![CDATA[<font color=blue>17. ########### End of Test Case Data Set: TC_003_01 ###########</font><br/>]]>
    </line>
    <line>
      <![CDATA[<B></B><h1><font color=SaddleBrown>New User Register functionality</h1></font><br/>]]>
    </line>
    <line>
      <![CDATA[<font color=green>1. Opened Application Successfully</font><br/>]]>
    </line>
    <line>
      <![CDATA[<font color=blue>2. ########### Start of Test Case Data Set: TC_005_01 ###########</font><br/>]]>
    </line>
    <line>
      <![CDATA[<font color=green>3. Clicked on WebElement-New Registration</font><br/>]]>
    </line>
    <line>
      <![CDATA[<font color=green>4. Entered value in the text field->Pramela123</font><br/>]]>
    </line>
    <line>
      <![CDATA[<font color=green>5. Entered value in the text field->Reset123</font><br/>]]>
    </line>
    <line>
      <![CDATA[<font color=green>6. Entered value in the text field->Reset123</font><br/>]]>
    </line>
    <line>
      <![CDATA[<font color=green>7. Entered value in the text field->G</font><br/>]]>
    </line>
    <line>
      <![CDATA[<font color=green>8. Entered value in the text field->nandinig@suntechnologies.com</font><br/>]]>
    </line>
    <line>
      <![CDATA[<font color=green>9. Clicked on WebElement-Agree</font><br/>]]>
    </line>
    <line>
      <![CDATA[<font color=green>10. Clicked on WebElement-Register</font><br/>]]>
    </line>
    <line>
      <![CDATA[<font color=blue>11. ########### End of Test Case Data Set: TC_005_01 ###########</font><br/>]]>
    </line>
  </reporter-output>
  <suite name="Surefire suite" duration-ms="68601" started-at="2016-02-22T07:50:52Z" finished-at="2016-02-22T07:52:00Z">
    <groups>
    </groups>
    <test name="Surefire test" duration-ms="68601" started-at="2016-02-22T07:50:52Z" finished-at="2016-02-22T07:52:00Z">
      <class name="LaunchScript.LaunchScript">
        <test-method status="PASS" signature="Launch()[pri:0, instance:LaunchScript.LaunchScript@33c36633]" name="Launch" duration-ms="68591" started-at="2016-02-22T13:20:52Z" finished-at="2016-02-22T13:22:00Z">
          <reporter-output>
          </reporter-output>
        </test-method> <!-- Launch -->
      </class> <!-- LaunchScript.LaunchScript -->
    </test> <!-- Surefire test -->
  </suite> <!-- Surefire suite -->
</testng-results>
