<?xml version="1.0" encoding="UTF-8"?>
<testng-results skipped="0" failed="0" total="1" passed="1">
  <reporter-output>
  </reporter-output>
  <suite name="Surefire suite" duration-ms="86648" started-at="2017-08-03T06:43:10Z" finished-at="2017-08-03T06:44:37Z">
    <groups>
    </groups>
    <test name="Surefire test" duration-ms="86648" started-at="2017-08-03T06:43:10Z" finished-at="2017-08-03T06:44:37Z">
      <class name="LaunchScript.LaunchScript">
        <test-method status="PASS" signature="Launch()[pri:0, instance:LaunchScript.LaunchScript@3ac3fd8b]" name="Launch" duration-ms="86647" started-at="2017-08-03T12:13:10Z" finished-at="2017-08-03T12:14:37Z">
          <reporter-output>
          </reporter-output>
        </test-method> <!-- Launch -->
      </class> <!-- LaunchScript.LaunchScript -->
    </test> <!-- Surefire test -->
  </suite> <!-- Surefire suite -->
</testng-results>
