<?xml version="1.0" encoding="UTF-8"?>
<testng-results skipped="0" failed="0" total="1" passed="1">
  <reporter-output>
  </reporter-output>
  <suite name="Default suite" duration-ms="24363" started-at="2017-09-12T07:38:18Z" finished-at="2017-09-12T07:38:42Z">
    <groups>
    </groups>
    <test name="Default test" duration-ms="24363" started-at="2017-09-12T07:38:18Z" finished-at="2017-09-12T07:38:42Z">
      <class name="LaunchScript.LaunchScript">
        <test-method status="PASS" signature="Launch()[pri:0, instance:LaunchScript.LaunchScript@1ae369b7]" name="Launch" duration-ms="24353" started-at="2017-09-12T13:08:18Z" finished-at="2017-09-12T13:08:42Z">
          <reporter-output>
          </reporter-output>
        </test-method> <!-- Launch -->
      </class> <!-- LaunchScript.LaunchScript -->
    </test> <!-- Default test -->
  </suite> <!-- Default suite -->
</testng-results>
